client/build/outputs/logs/manifest-merger-release-report.txt
-- Merging decision tree log ---
manifest
ADDED from src\main\AndroidManifest.xml:19:1-250:12
	package
		ADDED from src\main\AndroidManifest.xml:21:5-33
		INJECTED from src\main\AndroidManifest.xml
		INJECTED from src\main\AndroidManifest.xml
	android:sharedUserId
		ADDED from src\main\AndroidManifest.xml:22:5-46
	android:versionName
		ADDED from src\main\AndroidManifest.xml:24:5-32
		INJECTED from src\main\AndroidManifest.xml
		INJECTED from src\main\AndroidManifest.xml
	xmlns:tools
		ADDED from src\main\AndroidManifest.xml:20:5-51
	android:versionCode
		ADDED from src\main\AndroidManifest.xml:23:5-29
		INJECTED from src\main\AndroidManifest.xml
		INJECTED from src\main\AndroidManifest.xml
	xmlns:android
		ADDED from src\main\AndroidManifest.xml:19:11-69
uses-sdk
ADDED from src\main\AndroidManifest.xml:26:5-28:41
MERGED from [com.android.support:multidex:1.0.1] AndroidManifest.xml:18:5-42
MERGED from [com.google.firebase:firebase-core:9.0.0] AndroidManifest.xml:4:5-42
MERGED from [com.google.firebase:firebase-analytics:9.0.0] AndroidManifest.xml:18:5-42
MERGED from [com.google.firebase:firebase-analytics-impl:9.0.0] AndroidManifest.xml:18:5-42
MERGED from [SWIFT-AGENT-GIT:iDPProxy:unspecified] AndroidManifest.xml:24:5-26:41
MERGED from [com.android.volley:volley:unspecified] AndroidManifest.xml:7:5-43
MERGED from [com.actionbarsherlock:actionbarsherlock:4.4.0] AndroidManifest.xml:3:3-70
MERGED from [com.google.firebase:firebase-messaging:9.0.1] AndroidManifest.xml:18:5-42
MERGED from [com.google.firebase:firebase-iid:9.0.1] AndroidManifest.xml:18:5-42
MERGED from [com.google.android.gms:play-services-gcm:9.0.0] AndroidManifest.xml:18:5-42
MERGED from [com.google.android.gms:play-services-iid:9.0.0] AndroidManifest.xml:18:5-42
MERGED from [com.google.android.gms:play-services-base:9.0.0] AndroidManifest.xml:18:5-42
MERGED from [com.google.firebase:firebase-common:9.0.1] AndroidManifest.xml:4:5-43
MERGED from [com.google.android.gms:play-services-tasks:9.0.1] AndroidManifest.xml:4:5-43
MERGED from [com.google.android.gms:play-services-basement:9.0.1] AndroidManifest.xml:18:5-42
MERGED from [com.anggrayudi:android-hidden-api:0.0.7] AndroidManifest.xml:8:5-10:41
MERGED from [com.android.support:support-v4:25.3.1] AndroidManifest.xml:21:5-23:54
MERGED from [com.android.support:support-fragment:25.3.1] AndroidManifest.xml:21:5-23:60
MERGED from [com.android.support:support-media-compat:25.3.1] AndroidManifest.xml:21:5-23:63
MERGED from [com.android.support:support-core-ui:25.3.1] AndroidManifest.xml:21:5-23:58
MERGED from [com.android.support:support-core-utils:25.3.1] AndroidManifest.xml:21:5-23:61
MERGED from [com.android.support:support-compat:25.3.1] AndroidManifest.xml:21:5-23:58
	tools:overrideLibrary
		ADDED from [com.android.support:support-v4:25.3.1] AndroidManifest.xml:23:9-51
	android:targetSdkVersion
		ADDED from src\main\AndroidManifest.xml:28:9-38
		INJECTED from src\main\AndroidManifest.xml
		INJECTED from src\main\AndroidManifest.xml
	android:minSdkVersion
		ADDED from src\main\AndroidManifest.xml:27:9-35
		INJECTED from src\main\AndroidManifest.xml
		INJECTED from src\main\AndroidManifest.xml
uses-permission#android.permission.WAKE_LOCK
ADDED from src\main\AndroidManifest.xml:30:5-68
MERGED from [com.google.firebase:firebase-analytics:9.0.0] AndroidManifest.xml:24:5-67
MERGED from [com.google.firebase:firebase-analytics-impl:9.0.0] AndroidManifest.xml:24:5-67
MERGED from [com.google.firebase:firebase-iid:9.0.1] AndroidManifest.xml:22:5-68
	android:name
		ADDED from src\main\AndroidManifest.xml:30:22-65
uses-permission#com.android.launcher.permission.INSTALL_SHORTCUT
ADDED from src\main\AndroidManifest.xml:31:5-88
	android:name
		ADDED from src\main\AndroidManifest.xml:31:22-85
uses-permission#com.android.launcher.permission.UNINSTALL_SHORTCUT
ADDED from src\main\AndroidManifest.xml:32:5-90
	android:name
		ADDED from src\main\AndroidManifest.xml:32:22-87
uses-permission#android.permission.RECEIVE_BOOT_COMPLETED
ADDED from src\main\AndroidManifest.xml:33:5-81
	android:name
		ADDED from src\main\AndroidManifest.xml:33:22-78
uses-permission#android.permission.WRITE_EXTERNAL_STORAGE
ADDED from src\main\AndroidManifest.xml:34:5-81
	android:name
		ADDED from src\main\AndroidManifest.xml:34:22-78
uses-permission#org.wso2.emm.agent.permission.C2D_MESSAGE
ADDED from src\main\AndroidManifest.xml:35:5-81
MERGED from [com.google.firebase:firebase-iid:9.0.1] AndroidManifest.xml:28:5-79
	android:name
		ADDED from src\main\AndroidManifest.xml:35:22-78
uses-permission#android.permission.READ_PHONE_STATE
ADDED from src\main\AndroidManifest.xml:36:5-75
	android:name
		ADDED from src\main\AndroidManifest.xml:36:22-72
uses-permission#com.google.android.c2dm.permission.RECEIVE
ADDED from src\main\AndroidManifest.xml:37:5-82
MERGED from [com.google.firebase:firebase-iid:9.0.1] AndroidManifest.xml:23:5-82
MERGED from [com.google.android.gms:play-services-gcm:9.0.0] AndroidManifest.xml:21:5-82
MERGED from [com.google.android.gms:play-services-iid:9.0.0] AndroidManifest.xml:21:5-82
	android:name
		ADDED from src\main\AndroidManifest.xml:37:22-79
uses-permission#android.permission.ACCESS_WIFI_STATE
ADDED from src\main\AndroidManifest.xml:38:5-76
	android:name
		ADDED from src\main\AndroidManifest.xml:38:22-73
uses-permission#android.permission.READ_LOGS
ADDED from src\main\AndroidManifest.xml:39:5-68
	android:name
		ADDED from src\main\AndroidManifest.xml:39:22-65
uses-permission#android.permission.ACCESS_GPS
ADDED from src\main\AndroidManifest.xml:40:5-69
	android:name
		ADDED from src\main\AndroidManifest.xml:40:22-66
uses-permission#android.permission.ACCESS_FINE_LOCATION
ADDED from src\main\AndroidManifest.xml:41:5-79
	android:name
		ADDED from src\main\AndroidManifest.xml:41:22-76
uses-permission#android.permisssion.ACCESS_COARSE_LOCATION
ADDED from src\main\AndroidManifest.xml:42:5-82
	android:name
		ADDED from src\main\AndroidManifest.xml:42:22-79
uses-permission#android.permission.INTERNET
ADDED from src\main\AndroidManifest.xml:44:5-67
MERGED from [com.google.firebase:firebase-analytics:9.0.0] AndroidManifest.xml:21:5-67
MERGED from [com.google.firebase:firebase-analytics-impl:9.0.0] AndroidManifest.xml:21:5-67
MERGED from [com.google.firebase:firebase-iid:9.0.1] AndroidManifest.xml:21:5-67
MERGED from [com.google.android.gms:play-services-gcm:9.0.0] AndroidManifest.xml:22:5-67
MERGED from [com.google.android.gms:play-services-iid:9.0.0] AndroidManifest.xml:22:5-67
	android:name
		ADDED from src\main\AndroidManifest.xml:44:22-64
uses-permission#android.permission.GET_ACCOUNTS
ADDED from src\main\AndroidManifest.xml:45:5-71
	android:name
		ADDED from src\main\AndroidManifest.xml:45:22-68
uses-permission#android.permission.CHANGE_WIFI_STATE
ADDED from src\main\AndroidManifest.xml:46:5-76
	android:name
		ADDED from src\main\AndroidManifest.xml:46:22-73
uses-permission#android.permission.ACCESS_NETWORK_STATE
ADDED from src\main\AndroidManifest.xml:47:5-79
MERGED from [com.google.firebase:firebase-analytics:9.0.0] AndroidManifest.xml:22:5-79
MERGED from [com.google.firebase:firebase-analytics-impl:9.0.0] AndroidManifest.xml:22:5-79
MERGED from [com.google.firebase:firebase-iid:9.0.1] AndroidManifest.xml:20:5-79
	android:name
		ADDED from src\main\AndroidManifest.xml:47:22-76
uses-permission#android.permission.INTERACT_ACROSS_USERS
ADDED from src\main\AndroidManifest.xml:48:5-80
	android:name
		ADDED from src\main\AndroidManifest.xml:48:22-77
uses-permission#android.permission.GET_TASKS
ADDED from src\main\AndroidManifest.xml:49:5-68
	android:name
		ADDED from src\main\AndroidManifest.xml:49:22-65
uses-permission#android.permission.DOWNLOAD_WITHOUT_NOTIFICATION
ADDED from src\main\AndroidManifest.xml:50:5-88
	android:name
		ADDED from src\main\AndroidManifest.xml:50:22-85
uses-permission#org.wso2.emm.system.service.permission.ACCESS
ADDED from src\main\AndroidManifest.xml:51:5-84
	android:name
		ADDED from src\main\AndroidManifest.xml:51:22-82
permission#android.permission.READ_LOGS
ADDED from src\main\AndroidManifest.xml:52:5-63
	android:name
		ADDED from src\main\AndroidManifest.xml:52:17-60
permission#org.wso2.emm.agent.permission.ACCESS
ADDED from src\main\AndroidManifest.xml:53:5-54:46
	android:protectionLevel
		ADDED from src\main\AndroidManifest.xml:54:9-44
	android:name
		ADDED from src\main\AndroidManifest.xml:53:17-68
uses-permission#org.wso2.emm.agent.permission.ACCESS
ADDED from src\main\AndroidManifest.xml:55:5-75
	android:name
		ADDED from src\main\AndroidManifest.xml:55:22-73
permission#org.wso2.emm.agent.permission.C2D_MESSAGE
ADDED from src\main\AndroidManifest.xml:56:5-58:47
MERGED from [com.google.firebase:firebase-iid:9.0.1] AndroidManifest.xml:25:5-26:47
	android:protectionLevel
		ADDED from src\main\AndroidManifest.xml:58:9-44
	android:name
		ADDED from src\main\AndroidManifest.xml:57:9-65
uses-permission#android.permission.READ_EXTERNAL_STORAGE
ADDED from src\main\AndroidManifest.xml:60:5-62:38
	android:maxSdkVersion
		ADDED from src\main\AndroidManifest.xml:62:9-35
	android:name
		ADDED from src\main\AndroidManifest.xml:61:9-64
application
ADDED from src\main\AndroidManifest.xml:64:5-249:19
MERGED from [com.google.firebase:firebase-core:9.0.0] AndroidManifest.xml:5:5-20
MERGED from [com.google.firebase:firebase-analytics:9.0.0] AndroidManifest.xml:26:5-41:19
MERGED from [com.google.firebase:firebase-analytics-impl:9.0.0] AndroidManifest.xml:26:5-41:19
MERGED from [SWIFT-AGENT-GIT:iDPProxy:unspecified] AndroidManifest.xml:28:5-32:19
MERGED from [com.android.volley:volley:unspecified] AndroidManifest.xml:9:5-20
MERGED from [com.actionbarsherlock:actionbarsherlock:4.4.0] AndroidManifest.xml:4:3-17
MERGED from [com.google.firebase:firebase-messaging:9.0.1] AndroidManifest.xml:20:5-32:19
MERGED from [com.google.firebase:firebase-iid:9.0.1] AndroidManifest.xml:30:5-59:19
MERGED from [com.google.android.gms:play-services-gcm:9.0.0] AndroidManifest.xml:24:5-20
MERGED from [com.google.android.gms:play-services-iid:9.0.0] AndroidManifest.xml:24:5-20
MERGED from [com.google.android.gms:play-services-base:9.0.0] AndroidManifest.xml:19:5-23:19
MERGED from [com.google.firebase:firebase-common:9.0.1] AndroidManifest.xml:5:5-12:19
MERGED from [com.google.android.gms:play-services-tasks:9.0.1] AndroidManifest.xml:5:5-20
MERGED from [com.google.android.gms:play-services-basement:9.0.1] AndroidManifest.xml:20:5-24:19
MERGED from [com.anggrayudi:android-hidden-api:0.0.7] AndroidManifest.xml:12:5-20
MERGED from [com.android.support:support-v4:25.3.1] AndroidManifest.xml:29:5-20
MERGED from [com.android.support:support-fragment:25.3.1] AndroidManifest.xml:29:5-20
MERGED from [com.android.support:support-media-compat:25.3.1] AndroidManifest.xml:29:5-20
MERGED from [com.android.support:support-core-ui:25.3.1] AndroidManifest.xml:29:5-20
MERGED from [com.android.support:support-core-utils:25.3.1] AndroidManifest.xml:29:5-20
MERGED from [com.android.support:support-compat:25.3.1] AndroidManifest.xml:29:5-20
	android:screenOrientation
		ADDED from src\main\AndroidManifest.xml:71:9-45
	android:label
		ADDED from src\main\AndroidManifest.xml:68:9-41
	android:debuggable
		ADDED from src\main\AndroidManifest.xml:70:9-34
	tools:ignore
		ADDED from src\main\AndroidManifest.xml:73:9-42
	android:allowBackup
		ADDED from src\main\AndroidManifest.xml:66:9-35
	android:icon
		ADDED from src\main\AndroidManifest.xml:67:9-45
	android:largeHeap
		ADDED from src\main\AndroidManifest.xml:69:9-33
	android:theme
		ADDED from src\main\AndroidManifest.xml:72:9-43
	android:name
		ADDED from src\main\AndroidManifest.xml:65:9-41
activity#org.wso2.emm.agent.RegistrationActivity
ADDED from src\main\AndroidManifest.xml:74:9-77:50
	android:screenOrientation
		ADDED from src\main\AndroidManifest.xml:76:13-49
	android:theme
		ADDED from src\main\AndroidManifest.xml:77:13-47
	android:name
		ADDED from src\main\AndroidManifest.xml:75:13-49
activity#org.wso2.emm.agent.DisplayDeviceInfoActivity
ADDED from src\main\AndroidManifest.xml:78:9-81:51
	android:screenOrientation
		ADDED from src\main\AndroidManifest.xml:81:13-49
	android:label
		ADDED from src\main\AndroidManifest.xml:80:13-71
	android:name
		ADDED from src\main\AndroidManifest.xml:79:13-54
activity#org.wso2.emm.agent.EnableDeviceAdminActivity
ADDED from src\main\AndroidManifest.xml:82:9-86:48
	android:screenOrientation
		ADDED from src\main\AndroidManifest.xml:85:13-52
	android:label
		ADDED from src\main\AndroidManifest.xml:84:13-71
	android:excludeFromRecents
		ADDED from src\main\AndroidManifest.xml:86:13-46
	android:name
		ADDED from src\main\AndroidManifest.xml:83:13-54
service#org.wso2.emm.agent.BroadcastService
ADDED from src\main\AndroidManifest.xml:87:9-89:38
	android:exported
		ADDED from src\main\AndroidManifest.xml:89:13-36
	android:name
		ADDED from src\main\AndroidManifest.xml:88:13-45
receiver#org.wso2.emm.agent.services.AgentDeviceAdminReceiver
ADDED from src\main\AndroidManifest.xml:90:9-103:20
	android:exported
		ADDED from src\main\AndroidManifest.xml:93:13-36
	android:permission
		ADDED from src\main\AndroidManifest.xml:92:13-70
	android:name
		ADDED from src\main\AndroidManifest.xml:91:13-62
intent-filter#android.app.action.DEVICE_ADMIN_ENABLED
ADDED from src\main\AndroidManifest.xml:94:13-98:29
action#android.app.action.DEVICE_ADMIN_ENABLED
ADDED from src\main\AndroidManifest.xml:97:17-82
	android:name
		ADDED from src\main\AndroidManifest.xml:97:25-79
meta-data#android.app.device_admin
ADDED from src\main\AndroidManifest.xml:100:13-102:61
	android:resource
		ADDED from src\main\AndroidManifest.xml:102:17-59
	android:name
		ADDED from src\main\AndroidManifest.xml:101:17-56
receiver#org.wso2.emm.agent.services.AlarmReceiver
ADDED from src\main\AndroidManifest.xml:104:9-60
	android:name
		ADDED from src\main\AndroidManifest.xml:104:19-57
receiver#org.wso2.emm.agent.events.EventAlarmReceiver
ADDED from src\main\AndroidManifest.xml:105:9-63
	android:name
		ADDED from src\main\AndroidManifest.xml:105:19-60
receiver#org.wso2.emm.agent.services.DeviceStartupIntentReceiver
ADDED from src\main\AndroidManifest.xml:106:9-116:20
	android:enabled
		ADDED from src\main\AndroidManifest.xml:108:13-35
	android:exported
		ADDED from src\main\AndroidManifest.xml:109:13-37
	android:name
		ADDED from src\main\AndroidManifest.xml:107:13-65
intent-filter#android.intent.action.BOOT_COMPLETED+android.intent.action.QUICKBOOT_POWERON+android.intent.category.DEFAULT
ADDED from src\main\AndroidManifest.xml:110:13-115:29
action#android.intent.action.BOOT_COMPLETED
ADDED from src\main\AndroidManifest.xml:111:17-79
	android:name
		ADDED from src\main\AndroidManifest.xml:111:25-76
action#android.intent.action.QUICKBOOT_POWERON
ADDED from src\main\AndroidManifest.xml:112:17-82
	android:name
		ADDED from src\main\AndroidManifest.xml:112:25-79
category#android.intent.category.DEFAULT
ADDED from src\main\AndroidManifest.xml:114:17-76
	android:name
		ADDED from src\main\AndroidManifest.xml:114:27-73
receiver#org.wso2.emm.agent.services.NetworkConnectedReceiver
ADDED from src\main\AndroidManifest.xml:117:9-125:20
	android:enabled
		ADDED from src\main\AndroidManifest.xml:119:13-35
	android:exported
		ADDED from src\main\AndroidManifest.xml:120:13-37
	android:name
		ADDED from src\main\AndroidManifest.xml:118:13-62
intent-filter#android.net.conn.CONNECTIVITY_CHANGE+android.net.wifi.WIFI_STATE_CHANGED
ADDED from src\main\AndroidManifest.xml:121:13-124:29
action#android.net.wifi.WIFI_STATE_CHANGED
ADDED from src\main\AndroidManifest.xml:122:17-78
	android:name
		ADDED from src\main\AndroidManifest.xml:122:25-75
action#android.net.conn.CONNECTIVITY_CHANGE
ADDED from src\main\AndroidManifest.xml:123:17-79
	android:name
		ADDED from src\main\AndroidManifest.xml:123:25-76
receiver#org.wso2.emm.agent.services.NotificationReceiver
ADDED from src\main\AndroidManifest.xml:126:9-132:20
	android:exported
		ADDED from src\main\AndroidManifest.xml:128:13-37
	android:name
		ADDED from src\main\AndroidManifest.xml:127:13-58
intent-filter#android.intent.category.DEFAULT
ADDED from src\main\AndroidManifest.xml:129:13-131:29
receiver#org.wso2.emm.agent.services.SystemServiceResponseReceiver
ADDED from src\main\AndroidManifest.xml:133:9-139:20
	android:exported
		ADDED from src\main\AndroidManifest.xml:135:13-37
	android:name
		ADDED from src\main\AndroidManifest.xml:134:13-67
receiver#org.wso2.emm.agent.events.listeners.ApplicationStateListener
ADDED from src\main\AndroidManifest.xml:140:9-149:20
	android:name
		ADDED from src\main\AndroidManifest.xml:140:19-76
intent-filter#android.intent.action.PACKAGE_ADDED+android.intent.action.PACKAGE_DATA_CLEARED+android.intent.action.PACKAGE_REMOVED+android.intent.action.PACKAGE_REPLACED
ADDED from src\main\AndroidManifest.xml:141:13-148:29
action#android.intent.action.PACKAGE_ADDED
ADDED from src\main\AndroidManifest.xml:142:17-78
	android:name
		ADDED from src\main\AndroidManifest.xml:142:25-75
action#android.intent.action.PACKAGE_REMOVED
ADDED from src\main\AndroidManifest.xml:143:17-80
	android:name
		ADDED from src\main\AndroidManifest.xml:143:25-77
action#android.intent.action.PACKAGE_REPLACED
ADDED from src\main\AndroidManifest.xml:144:17-81
	android:name
		ADDED from src\main\AndroidManifest.xml:144:25-78
action#android.intent.action.PACKAGE_DATA_CLEARED
ADDED from src\main\AndroidManifest.xml:145:17-85
	android:name
		ADDED from src\main\AndroidManifest.xml:145:25-82
data
ADDED from src\main\AndroidManifest.xml:147:17-50
	android:scheme
		ADDED from src\main\AndroidManifest.xml:147:23-47
service#org.wso2.emm.agent.services.ApplicationManagementService
ADDED from src\main\AndroidManifest.xml:150:9-158:19
	android:enabled
		ADDED from src\main\AndroidManifest.xml:152:13-35
	android:exported
		ADDED from src\main\AndroidManifest.xml:154:13-36
	android:permission
		ADDED from src\main\AndroidManifest.xml:153:13-70
	android:name
		ADDED from src\main\AndroidManifest.xml:151:13-66
intent-filter#org.wso2.emm.agent.START_SERVICE
ADDED from src\main\AndroidManifest.xml:155:13-157:29
action#org.wso2.emm.agent.START_SERVICE
ADDED from src\main\AndroidManifest.xml:156:17-75
	android:name
		ADDED from src\main\AndroidManifest.xml:156:25-72
service#org.wso2.emm.agent.services.EnrollmentService
ADDED from src\main\AndroidManifest.xml:159:9-166:19
	android:enabled
		ADDED from src\main\AndroidManifest.xml:160:13-35
	android:exported
		ADDED from src\main\AndroidManifest.xml:162:13-36
	android:permission
		ADDED from src\main\AndroidManifest.xml:161:13-70
	android:name
		ADDED from src\main\AndroidManifest.xml:159:18-60
intent-filter#org.wso2.emm.agent.enrollment.START_SERVICE
ADDED from src\main\AndroidManifest.xml:163:13-165:29
action#org.wso2.emm.agent.enrollment.START_SERVICE
ADDED from src\main\AndroidManifest.xml:164:17-86
	android:name
		ADDED from src\main\AndroidManifest.xml:164:25-83
service#org.wso2.emm.agent.FCMMessagingService
ADDED from src\main\AndroidManifest.xml:167:9-172:19
	android:name
		ADDED from src\main\AndroidManifest.xml:168:13-48
intent-filter#com.google.firebase.MESSAGING_EVENT
ADDED from src\main\AndroidManifest.xml:169:13-171:29
action#com.google.firebase.MESSAGING_EVENT
ADDED from src\main\AndroidManifest.xml:170:17-78
	android:name
		ADDED from src\main\AndroidManifest.xml:170:25-75
service#org.wso2.emm.agent.services.VPNService
ADDED from src\main\AndroidManifest.xml:173:9-179:19
	android:permission
		ADDED from src\main\AndroidManifest.xml:175:13-69
	android:name
		ADDED from src\main\AndroidManifest.xml:174:13-48
intent-filter#android.net.VpnService
ADDED from src\main\AndroidManifest.xml:176:13-178:29
action#android.net.VpnService
ADDED from src\main\AndroidManifest.xml:177:17-65
	android:name
		ADDED from src\main\AndroidManifest.xml:177:25-62
activity#org.wso2.emm.agent.AlreadyRegisteredActivity
ADDED from src\main\AndroidManifest.xml:181:9-184:52
	android:screenOrientation
		ADDED from src\main\AndroidManifest.xml:183:13-49
	android:theme
		ADDED from src\main\AndroidManifest.xml:184:13-50
	android:name
		ADDED from src\main\AndroidManifest.xml:182:13-54
activity#org.wso2.emm.agent.AuthenticationActivity
ADDED from src\main\AndroidManifest.xml:185:9-189:69
	android:screenOrientation
		ADDED from src\main\AndroidManifest.xml:187:13-49
	android:windowSoftInputMode
		ADDED from src\main\AndroidManifest.xml:189:13-67
	android:theme
		ADDED from src\main\AndroidManifest.xml:188:13-50
	android:name
		ADDED from src\main\AndroidManifest.xml:186:13-51
activity#org.wso2.emm.agent.AuthenticationErrorActivity
ADDED from src\main\AndroidManifest.xml:190:9-192:51
	android:screenOrientation
		ADDED from src\main\AndroidManifest.xml:192:13-49
	android:name
		ADDED from src\main\AndroidManifest.xml:191:13-56
activity#org.wso2.emm.agent.NotifyActivity
ADDED from src\main\AndroidManifest.xml:193:9-196:51
	android:screenOrientation
		ADDED from src\main\AndroidManifest.xml:196:13-49
	android:label
		ADDED from src\main\AndroidManifest.xml:195:13-58
	android:name
		ADDED from src\main\AndroidManifest.xml:194:13-43
activity#org.wso2.emm.agent.ServerDetails
ADDED from src\main\AndroidManifest.xml:197:9-201:69
	android:screenOrientation
		ADDED from src\main\AndroidManifest.xml:200:13-49
	android:label
		ADDED from src\main\AndroidManifest.xml:199:13-45
	android:windowSoftInputMode
		ADDED from src\main\AndroidManifest.xml:201:13-67
	android:name
		ADDED from src\main\AndroidManifest.xml:198:13-42
activity#org.wso2.emm.agent.PinCodeActivity
ADDED from src\main\AndroidManifest.xml:202:9-205:69
	android:screenOrientation
		ADDED from src\main\AndroidManifest.xml:204:13-49
	android:windowSoftInputMode
		ADDED from src\main\AndroidManifest.xml:205:13-67
	android:name
		ADDED from src\main\AndroidManifest.xml:203:13-44
activity#org.wso2.emm.agent.AlertActivity
ADDED from src\main\AndroidManifest.xml:206:9-209:75
	android:screenOrientation
		ADDED from src\main\AndroidManifest.xml:208:13-49
	android:theme
		ADDED from src\main\AndroidManifest.xml:209:13-73
	android:name
		ADDED from src\main\AndroidManifest.xml:207:13-42
activity#org.wso2.emm.agent.LockActivity
ADDED from src\main\AndroidManifest.xml:210:9-213:58
	android:label
		ADDED from src\main\AndroidManifest.xml:213:13-56
	android:configChanges
		ADDED from src\main\AndroidManifest.xml:212:13-74
	android:name
		ADDED from src\main\AndroidManifest.xml:211:13-41
activity#org.wso2.emm.agent.services.EnableProfileActivity
ADDED from src\main\AndroidManifest.xml:215:9-217:47
	android:label
		ADDED from src\main\AndroidManifest.xml:217:13-45
	android:name
		ADDED from src\main\AndroidManifest.xml:216:13-59
activity#org.wso2.emm.agent.WorkProfileManager
ADDED from src\main\AndroidManifest.xml:218:9-221:51
	android:screenOrientation
		ADDED from src\main\AndroidManifest.xml:221:13-49
	android:label
		ADDED from src\main\AndroidManifest.xml:220:13-58
	android:name
		ADDED from src\main\AndroidManifest.xml:219:13-47
activity#org.wso2.emm.agent.AgentReceptionActivity
ADDED from src\main\AndroidManifest.xml:222:9-230:20
	android:label
		ADDED from src\main\AndroidManifest.xml:224:13-38
	android:name
		ADDED from src\main\AndroidManifest.xml:223:13-51
intent-filter#android.intent.action.MAIN+android.intent.category.LAUNCHER
ADDED from src\main\AndroidManifest.xml:225:13-229:29
action#android.intent.action.MAIN
ADDED from src\main\AndroidManifest.xml:226:17-69
	android:name
		ADDED from src\main\AndroidManifest.xml:226:25-66
category#android.intent.category.LAUNCHER
ADDED from src\main\AndroidManifest.xml:228:17-77
	android:name
		ADDED from src\main\AndroidManifest.xml:228:27-74
activity#org.wso2.emm.agent.AppLockActivity
ADDED from src\main\AndroidManifest.xml:231:9-235:73
	android:screenOrientation
		ADDED from src\main\AndroidManifest.xml:234:13-49
	android:label
		ADDED from src\main\AndroidManifest.xml:233:13-57
	android:theme
		ADDED from src\main\AndroidManifest.xml:235:13-71
	android:name
		ADDED from src\main\AndroidManifest.xml:232:13-44
service#org.wso2.emm.agent.services.AppLockService
ADDED from src\main\AndroidManifest.xml:237:9-240:40
	android:exported
		ADDED from src\main\AndroidManifest.xml:240:13-37
	android:permission
		ADDED from src\main\AndroidManifest.xml:239:13-70
	android:name
		ADDED from src\main\AndroidManifest.xml:238:13-52
service#org.wso2.emm.agent.InstanceIDListenerService
ADDED from src\main\AndroidManifest.xml:242:9-247:19
	android:name
		ADDED from src\main\AndroidManifest.xml:243:13-54
intent-filter#com.google.firebase.INSTANCE_ID_EVENT
ADDED from src\main\AndroidManifest.xml:244:13-246:29
action#com.google.firebase.INSTANCE_ID_EVENT
ADDED from src\main\AndroidManifest.xml:245:13-76
	android:name
		ADDED from src\main\AndroidManifest.xml:245:21-73
receiver#com.google.android.gms.measurement.AppMeasurementReceiver
ADDED from [com.google.firebase:firebase-analytics:9.0.0] AndroidManifest.xml:28:7-34:18
MERGED from [com.google.firebase:firebase-analytics-impl:9.0.0] AndroidManifest.xml:28:7-34:18
	android:enabled
		ADDED from [com.google.firebase:firebase-analytics:9.0.0] AndroidManifest.xml:30:11-33
	android:name
		ADDED from [com.google.firebase:firebase-analytics:9.0.0] AndroidManifest.xml:29:11-83
intent-filter#com.google.android.gms.measurement.UPLOAD
ADDED from [com.google.firebase:firebase-analytics:9.0.0] AndroidManifest.xml:31:9-33:25
action#com.google.android.gms.measurement.UPLOAD
ADDED from [com.google.firebase:firebase-analytics:9.0.0] AndroidManifest.xml:32:11-77
	android:name
		ADDED from [com.google.firebase:firebase-analytics:9.0.0] AndroidManifest.xml:32:19-75
service#com.google.android.gms.measurement.AppMeasurementService
ADDED from [com.google.firebase:firebase-analytics:9.0.0] AndroidManifest.xml:36:7-39:37
MERGED from [com.google.firebase:firebase-analytics-impl:9.0.0] AndroidManifest.xml:36:7-39:37
	android:enabled
		ADDED from [com.google.firebase:firebase-analytics:9.0.0] AndroidManifest.xml:38:11-33
	android:exported
		ADDED from [com.google.firebase:firebase-analytics:9.0.0] AndroidManifest.xml:39:11-35
	android:name
		ADDED from [com.google.firebase:firebase-analytics:9.0.0] AndroidManifest.xml:37:11-82
service#com.google.firebase.messaging.FirebaseMessagingService
ADDED from [com.google.firebase:firebase-messaging:9.0.1] AndroidManifest.xml:24:9-30:19
	android:exported
		ADDED from [com.google.firebase:firebase-messaging:9.0.1] AndroidManifest.xml:26:13-36
	android:name
		ADDED from [com.google.firebase:firebase-messaging:9.0.1] AndroidManifest.xml:25:13-82
receiver#com.google.firebase.iid.FirebaseInstanceIdReceiver
ADDED from [com.google.firebase:firebase-iid:9.0.1] AndroidManifest.xml:32:9-41:20
	android:exported
		ADDED from [com.google.firebase:firebase-iid:9.0.1] AndroidManifest.xml:34:13-36
	android:permission
		ADDED from [com.google.firebase:firebase-iid:9.0.1] AndroidManifest.xml:35:13-73
	android:name
		ADDED from [com.google.firebase:firebase-iid:9.0.1] AndroidManifest.xml:33:13-78
intent-filter#${applicationId}+com.google.android.c2dm.intent.RECEIVE+com.google.android.c2dm.intent.REGISTRATION
ADDED from [com.google.firebase:firebase-iid:9.0.1] AndroidManifest.xml:36:13-40:29
action#com.google.android.c2dm.intent.RECEIVE
ADDED from [com.google.firebase:firebase-iid:9.0.1] AndroidManifest.xml:37:17-81
	android:name
		ADDED from [com.google.firebase:firebase-iid:9.0.1] AndroidManifest.xml:37:25-78
action#com.google.android.c2dm.intent.REGISTRATION
ADDED from [com.google.firebase:firebase-iid:9.0.1] AndroidManifest.xml:38:17-86
	android:name
		ADDED from [com.google.firebase:firebase-iid:9.0.1] AndroidManifest.xml:38:25-83
category#${applicationId}
ADDED from [com.google.firebase:firebase-iid:9.0.1] AndroidManifest.xml:39:17-61
	android:name
		ADDED from [com.google.firebase:firebase-iid:9.0.1] AndroidManifest.xml:39:27-58
receiver#com.google.firebase.iid.FirebaseInstanceIdInternalReceiver
ADDED from [com.google.firebase:firebase-iid:9.0.1] AndroidManifest.xml:45:9-47:40
	android:exported
		ADDED from [com.google.firebase:firebase-iid:9.0.1] AndroidManifest.xml:47:13-37
	android:name
		ADDED from [com.google.firebase:firebase-iid:9.0.1] AndroidManifest.xml:46:13-86
service#com.google.firebase.iid.FirebaseInstanceIdService
ADDED from [com.google.firebase:firebase-iid:9.0.1] AndroidManifest.xml:51:9-57:19
	android:exported
		ADDED from [com.google.firebase:firebase-iid:9.0.1] AndroidManifest.xml:53:13-36
	android:name
		ADDED from [com.google.firebase:firebase-iid:9.0.1] AndroidManifest.xml:52:13-77
activity#com.google.android.gms.common.api.GoogleApiActivity
ADDED from [com.google.android.gms:play-services-base:9.0.0] AndroidManifest.xml:20:9-22:45
	android:exported
		ADDED from [com.google.android.gms:play-services-base:9.0.0] AndroidManifest.xml:22:19-43
	android:theme
		ADDED from [com.google.android.gms:play-services-base:9.0.0] AndroidManifest.xml:21:19-78
	android:name
		ADDED from [com.google.android.gms:play-services-base:9.0.0] AndroidManifest.xml:20:19-85
provider#com.google.firebase.provider.FirebaseInitProvider
ADDED from [com.google.firebase:firebase-common:9.0.1] AndroidManifest.xml:7:9-11:39
	android:authorities
		ADDED from [com.google.firebase:firebase-common:9.0.1] AndroidManifest.xml:8:13-72
	android:exported
		ADDED from [com.google.firebase:firebase-common:9.0.1] AndroidManifest.xml:10:13-37
	android:initOrder
		ADDED from [com.google.firebase:firebase-common:9.0.1] AndroidManifest.xml:11:13-36
	android:name
		ADDED from [com.google.firebase:firebase-common:9.0.1] AndroidManifest.xml:9:13-58
meta-data#com.google.android.gms.version
ADDED from [com.google.android.gms:play-services-basement:9.0.1] AndroidManifest.xml:21:9-23:69
	android:value
		ADDED from [com.google.android.gms:play-services-basement:9.0.1] AndroidManifest.xml:23:13-66
	android:name
		ADDED from [com.google.android.gms:play-services-basement:9.0.1] AndroidManifest.xml:22:13-58
meta-data#android.support.VERSION
ADDED from [com.android.support:support-v4:25.3.1] AndroidManifest.xml:25:5-27:34